<?xml version="1.0" encoding="UTF-8"?>
<!-- Generated by org.testng.reporters.JUnitXMLReporter -->
<testsuite ignored="0" hostname="Malhari" failures="1" tests="1" name="Default test" time="31.15" errors="0" timestamp="2024-05-28T18:36:22 IST">
  <testcase classname="SwagLabs.Amazontest" name="amazontest" time="31.09">
    <failure type="org.openqa.selenium.NoSuchElementException" message="no such element: Unable to locate element: {&amp;quot;method&amp;quot;:&amp;quot;xpath&amp;quot;,&amp;quot;selector&amp;quot;:&amp;quot;//a[@class=&amp;apos;a-link-normal s-underline-text s-underline-link-text s-link-style a-text-normal&amp;apos; and @href=&amp;apos;/sspa/click?ie=UTF8&amp;amp;spc=MTozNjA1MjYxMzk0MTY3MTQ4OjE3MTY5MDAyOTk6c3BfYXRmOjMwMDA1NDM0NTk0ODkzMjo6MDo6&amp;amp;url=%2FApple-iPhone-15-Pro-256%2Fdp%2FB0CHX5J2ND%2Fref%3Dsr_1_1_sspa%3Fdib%3DeyJ2IjoiMSJ9.OYvib3u__hXFvKmx0hKSh_ULCR4HTKOxGiaqvccZn0dST5LVVbP2IMAQw2HmjO8hYIwRSOoQ6sjXyMoy65z3vkOOT5njuMQJeWMqwJT3Lin4uq5liHvEiC_fD7NFttXkU4D3Ew91lWNXngSDxQVHS_zynwp8Q_iNr7yY9lh_bAKJerllr9mjxNlL06SwkdwHdqDr8xVdBn_k01iB96nfEX0mxuy4-W63NNCTYN1eFMw.g6DVtWgZxbd6N39VFHM-OPmEfzT3Ru3MocbSCw5VFuk%26dib_tag%3Dse%26keywords%3Diphone%2B15%2Bpro%2Bmax%26qid%3D1716900299%26sr%3D8-1-spons%26sp_csd%3Dd2lkZ2V0TmFtZT1zcF9hdGY%26psc%3D1&amp;apos;]&amp;quot;}
  (Session info: chrome=125.0.6422.77)
For documentation on this error, please visit: https://www.selenium.dev/documentation/webdriver/troubleshooting/errors#no-such-element-exception
Build info: version: &amp;apos;4.21.0&amp;apos;, revision: &amp;apos;79ed462ef4&amp;apos;
System info: os.name: &amp;apos;Windows 10&amp;apos;, os.arch: &amp;apos;amd64&amp;apos;, os.version: &amp;apos;10.0&amp;apos;, java.version: &amp;apos;22&amp;apos;
Driver info: org.openqa.selenium.chrome.ChromeDriver
Command: [596d094a24ed4ca59512b4932d567c47, findElement {value=//a[@class=&amp;apos;a-link-normal s-underline-text s-underline-link-text s-link-style a-text-normal&amp;apos; and @href=&amp;apos;/sspa/click?ie=UTF8&amp;amp;spc=MTozNjA1MjYxMzk0MTY3MTQ4OjE3MTY5MDAyOTk6c3BfYXRmOjMwMDA1NDM0NTk0ODkzMjo6MDo6&amp;amp;url=%2FApple-iPhone-15-Pro-256%2Fdp%2FB0CHX5J2ND%2Fref%3Dsr_1_1_sspa%3Fdib%3DeyJ2IjoiMSJ9.OYvib3u__hXFvKmx0hKSh_ULCR4HTKOxGiaqvccZn0dST5LVVbP2IMAQw2HmjO8hYIwRSOoQ6sjXyMoy65z3vkOOT5njuMQJeWMqwJT3Lin4uq5liHvEiC_fD7NFttXkU4D3Ew91lWNXngSDxQVHS_zynwp8Q_iNr7yY9lh_bAKJerllr9mjxNlL06SwkdwHdqDr8xVdBn_k01iB96nfEX0mxuy4-W63NNCTYN1eFMw.g6DVtWgZxbd6N39VFHM-OPmEfzT3Ru3MocbSCw5VFuk%26dib_tag%3Dse%26keywords%3Diphone%2B15%2Bpro%2Bmax%26qid%3D1716900299%26sr%3D8-1-spons%26sp_csd%3Dd2lkZ2V0TmFtZT1zcF9hdGY%26psc%3D1&amp;apos;], using=xpath}]
Capabilities {acceptInsecureCerts: false, browserName: chrome, browserVersion: 125.0.6422.77, chrome: {chromedriverVersion: 125.0.6422.78 (14db42ec38ad..., userDataDir: C:\Users\malhari\AppData\Lo...}, fedcm:accounts: true, goog:chromeOptions: {debuggerAddress: localhost:54156}, networkConnectionEnabled: false, pageLoadStrategy: normal, platformName: windows, proxy: Proxy(), se:cdp: ws://localhost:54156/devtoo..., se:cdpVersion: 125.0.6422.77, setWindowRect: true, strictFileInteractability: false, timeouts: {implicit: 0, pageLoad: 300000, script: 30000}, unhandledPromptBehavior: dismiss and notify, webauthn:extension:credBlob: true, webauthn:extension:largeBlob: true, webauthn:extension:minPinLength: true, webauthn:extension:prf: true, webauthn:virtualAuthenticators: true}
Session ID: 596d094a24ed4ca59512b4932d567c47">
      <![CDATA[org.openqa.selenium.NoSuchElementException: no such element: Unable to locate element: {"method":"xpath","selector":"//a[@class='a-link-normal s-underline-text s-underline-link-text s-link-style a-text-normal' and @href='/sspa/click?ie=UTF8&spc=MTozNjA1MjYxMzk0MTY3MTQ4OjE3MTY5MDAyOTk6c3BfYXRmOjMwMDA1NDM0NTk0ODkzMjo6MDo6&url=%2FApple-iPhone-15-Pro-256%2Fdp%2FB0CHX5J2ND%2Fref%3Dsr_1_1_sspa%3Fdib%3DeyJ2IjoiMSJ9.OYvib3u__hXFvKmx0hKSh_ULCR4HTKOxGiaqvccZn0dST5LVVbP2IMAQw2HmjO8hYIwRSOoQ6sjXyMoy65z3vkOOT5njuMQJeWMqwJT3Lin4uq5liHvEiC_fD7NFttXkU4D3Ew91lWNXngSDxQVHS_zynwp8Q_iNr7yY9lh_bAKJerllr9mjxNlL06SwkdwHdqDr8xVdBn_k01iB96nfEX0mxuy4-W63NNCTYN1eFMw.g6DVtWgZxbd6N39VFHM-OPmEfzT3Ru3MocbSCw5VFuk%26dib_tag%3Dse%26keywords%3Diphone%2B15%2Bpro%2Bmax%26qid%3D1716900299%26sr%3D8-1-spons%26sp_csd%3Dd2lkZ2V0TmFtZT1zcF9hdGY%26psc%3D1']"}
  (Session info: chrome=125.0.6422.77)
For documentation on this error, please visit: https://www.selenium.dev/documentation/webdriver/troubleshooting/errors#no-such-element-exception
Build info: version: '4.21.0', revision: '79ed462ef4'
System info: os.name: 'Windows 10', os.arch: 'amd64', os.version: '10.0', java.version: '22'
Driver info: org.openqa.selenium.chrome.ChromeDriver
Command: [596d094a24ed4ca59512b4932d567c47, findElement {value=//a[@class='a-link-normal s-underline-text s-underline-link-text s-link-style a-text-normal' and @href='/sspa/click?ie=UTF8&spc=MTozNjA1MjYxMzk0MTY3MTQ4OjE3MTY5MDAyOTk6c3BfYXRmOjMwMDA1NDM0NTk0ODkzMjo6MDo6&url=%2FApple-iPhone-15-Pro-256%2Fdp%2FB0CHX5J2ND%2Fref%3Dsr_1_1_sspa%3Fdib%3DeyJ2IjoiMSJ9.OYvib3u__hXFvKmx0hKSh_ULCR4HTKOxGiaqvccZn0dST5LVVbP2IMAQw2HmjO8hYIwRSOoQ6sjXyMoy65z3vkOOT5njuMQJeWMqwJT3Lin4uq5liHvEiC_fD7NFttXkU4D3Ew91lWNXngSDxQVHS_zynwp8Q_iNr7yY9lh_bAKJerllr9mjxNlL06SwkdwHdqDr8xVdBn_k01iB96nfEX0mxuy4-W63NNCTYN1eFMw.g6DVtWgZxbd6N39VFHM-OPmEfzT3Ru3MocbSCw5VFuk%26dib_tag%3Dse%26keywords%3Diphone%2B15%2Bpro%2Bmax%26qid%3D1716900299%26sr%3D8-1-spons%26sp_csd%3Dd2lkZ2V0TmFtZT1zcF9hdGY%26psc%3D1'], using=xpath}]
Capabilities {acceptInsecureCerts: false, browserName: chrome, browserVersion: 125.0.6422.77, chrome: {chromedriverVersion: 125.0.6422.78 (14db42ec38ad..., userDataDir: C:\Users\malhari\AppData\Lo...}, fedcm:accounts: true, goog:chromeOptions: {debuggerAddress: localhost:54156}, networkConnectionEnabled: false, pageLoadStrategy: normal, platformName: windows, proxy: Proxy(), se:cdp: ws://localhost:54156/devtoo..., se:cdpVersion: 125.0.6422.77, setWindowRect: true, strictFileInteractability: false, timeouts: {implicit: 0, pageLoad: 300000, script: 30000}, unhandledPromptBehavior: dismiss and notify, webauthn:extension:credBlob: true, webauthn:extension:largeBlob: true, webauthn:extension:minPinLength: true, webauthn:extension:prf: true, webauthn:virtualAuthenticators: true}
Session ID: 596d094a24ed4ca59512b4932d567c47
at java.base/jdk.internal.reflect.DirectConstructorHandleAccessor.newInstance(DirectConstructorHandleAccessor.java:62)
at java.base/java.lang.reflect.Constructor.newInstanceWithCaller(Constructor.java:502)
at java.base/java.lang.reflect.Constructor.newInstance(Constructor.java:486)
at org.openqa.selenium.remote.ErrorCodec.decode(ErrorCodec.java:167)
at org.openqa.selenium.remote.codec.w3c.W3CHttpResponseCodec.decode(W3CHttpResponseCodec.java:138)
at org.openqa.selenium.remote.codec.w3c.W3CHttpResponseCodec.decode(W3CHttpResponseCodec.java:50)
at org.openqa.selenium.remote.HttpCommandExecutor.execute(HttpCommandExecutor.java:190)
at org.openqa.selenium.remote.service.DriverCommandExecutor.invokeExecute(DriverCommandExecutor.java:216)
at org.openqa.selenium.remote.service.DriverCommandExecutor.execute(DriverCommandExecutor.java:174)
at org.openqa.selenium.remote.RemoteWebDriver.execute(RemoteWebDriver.java:518)
at org.openqa.selenium.remote.ElementLocation$ElementFinder$2.findElement(ElementLocation.java:165)
at org.openqa.selenium.remote.ElementLocation.findElement(ElementLocation.java:59)
at org.openqa.selenium.remote.RemoteWebDriver.findElement(RemoteWebDriver.java:355)
at org.openqa.selenium.remote.RemoteWebDriver.findElement(RemoteWebDriver.java:349)
at SwagLabs.Amazontest.amazontest(Amazontest.java:35)
at java.base/jdk.internal.reflect.DirectMethodHandleAccessor.invoke(DirectMethodHandleAccessor.java:103)
at java.base/java.lang.reflect.Method.invoke(Method.java:580)
at org.testng.internal.invokers.MethodInvocationHelper.invokeMethod(MethodInvocationHelper.java:141)
at org.testng.internal.invokers.TestInvoker.invokeMethod(TestInvoker.java:686)
at org.testng.internal.invokers.TestInvoker.invokeTestMethod(TestInvoker.java:230)
at org.testng.internal.invokers.MethodRunner.runInSequence(MethodRunner.java:63)
at org.testng.internal.invokers.TestInvoker$MethodInvocationAgent.invoke(TestInvoker.java:992)
at org.testng.internal.invokers.TestInvoker.invokeTestMethods(TestInvoker.java:203)
at org.testng.internal.invokers.TestMethodWorker.invokeTestMethods(TestMethodWorker.java:154)
at org.testng.internal.invokers.TestMethodWorker.run(TestMethodWorker.java:134)
at java.base/java.util.ArrayList.forEach(ArrayList.java:1597)
at org.testng.TestRunner.privateRun(TestRunner.java:739)
at org.testng.TestRunner.run(TestRunner.java:614)
at org.testng.SuiteRunner.runTest(SuiteRunner.java:421)
at org.testng.SuiteRunner.runSequentially(SuiteRunner.java:413)
at org.testng.SuiteRunner.privateRun(SuiteRunner.java:373)
at org.testng.SuiteRunner.run(SuiteRunner.java:312)
at org.testng.SuiteRunnerWorker.runSuite(SuiteRunnerWorker.java:52)
at org.testng.SuiteRunnerWorker.run(SuiteRunnerWorker.java:95)
at org.testng.TestNG.runSuitesSequentially(TestNG.java:1274)
at org.testng.TestNG.runSuitesLocally(TestNG.java:1208)
at org.testng.TestNG.runSuites(TestNG.java:1112)
at org.testng.TestNG.run(TestNG.java:1079)
at org.testng.remote.AbstractRemoteTestNG.run(AbstractRemoteTestNG.java:115)
at org.testng.remote.RemoteTestNG.initAndRun(RemoteTestNG.java:293)
at org.testng.remote.RemoteTestNG.main(RemoteTestNG.java:91)
]]>
    </failure>
  </testcase> <!-- amazontest -->
</testsuite> <!-- Default test -->
