<?xml version="1.0" encoding="UTF-8"?>
<!-- Generated by org.testng.reporters.JUnitXMLReporter -->
<testsuite ignored="0" hostname="Malhari" failures="1" tests="6" name="Test" time="39.312" errors="0" timestamp="2024-06-05T18:55:08 IST">
  <testcase classname="SwagLabs.Login" name="login_test" time="4.563"/>
  <testcase classname="SwagLabs.AddtoCart" name="FleeceJacket" time="8.133"/>
  <testcase classname="SwagLabs.Filtrationtest" name="filtrationtest" time="8.955"/>
  <testcase classname="SwagLabs.BrokenLinks" name="blinks" time="4.29"/>
  <testcase classname="SwagLabs.Amazontest" name="amazontest" time="7.011">
    <failure type="org.openqa.selenium.ElementClickInterceptedException" message="element click intercepted: Element &amp;lt;button class=&amp;quot;_2iLD__&amp;quot; type=&amp;quot;submit&amp;quot; aria-label=&amp;quot;Search for Products, Brands and More&amp;quot; title=&amp;quot;Search for Products, Brands and More&amp;quot;&amp;gt;...&amp;lt;/button&amp;gt; is not clickable at point (246, 33). Other element would receive the click: &amp;lt;div class=&amp;quot;_23axDd&amp;quot;&amp;gt;&amp;lt;/div&amp;gt;
  (Session info: chrome=125.0.6422.142)
Build info: version: &amp;apos;4.21.0&amp;apos;, revision: &amp;apos;79ed462ef4&amp;apos;
System info: os.name: &amp;apos;Windows 10&amp;apos;, os.arch: &amp;apos;amd64&amp;apos;, os.version: &amp;apos;10.0&amp;apos;, java.version: &amp;apos;22&amp;apos;
Driver info: org.openqa.selenium.chrome.ChromeDriver
Command: [d1a929cd4f7df4cf51de8e1af9e555c5, clickElement {id=f.9560FB8128F71835938ECEBE3277B4CC.d.37FCC989F61F90C2924CEA93593DDE0C.e.135}]
Capabilities {acceptInsecureCerts: false, browserName: chrome, browserVersion: 125.0.6422.142, chrome: {chromedriverVersion: 125.0.6422.141 (4b1e8393712..., userDataDir: C:\Users\malhari\AppData\Lo...}, fedcm:accounts: true, goog:chromeOptions: {debuggerAddress: localhost:50151}, networkConnectionEnabled: false, pageLoadStrategy: normal, platformName: windows, proxy: Proxy(), se:cdp: ws://localhost:50151/devtoo..., se:cdpVersion: 125.0.6422.142, setWindowRect: true, strictFileInteractability: false, timeouts: {implicit: 0, pageLoad: 300000, script: 30000}, unhandledPromptBehavior: dismiss and notify, webauthn:extension:credBlob: true, webauthn:extension:largeBlob: true, webauthn:extension:minPinLength: true, webauthn:extension:prf: true, webauthn:virtualAuthenticators: true}
Element: [[ChromeDriver: chrome on windows (d1a929cd4f7df4cf51de8e1af9e555c5)] -&amp;gt; xpath: //button[@type=&amp;apos;submit&amp;apos;]]
Session ID: d1a929cd4f7df4cf51de8e1af9e555c5">
      <![CDATA[org.openqa.selenium.ElementClickInterceptedException: element click intercepted: Element <button class="_2iLD__" type="submit" aria-label="Search for Products, Brands and More" title="Search for Products, Brands and More">...</button> is not clickable at point (246, 33). Other element would receive the click: <div class="_23axDd"></div>
  (Session info: chrome=125.0.6422.142)
Build info: version: '4.21.0', revision: '79ed462ef4'
System info: os.name: 'Windows 10', os.arch: 'amd64', os.version: '10.0', java.version: '22'
Driver info: org.openqa.selenium.chrome.ChromeDriver
Command: [d1a929cd4f7df4cf51de8e1af9e555c5, clickElement {id=f.9560FB8128F71835938ECEBE3277B4CC.d.37FCC989F61F90C2924CEA93593DDE0C.e.135}]
Capabilities {acceptInsecureCerts: false, browserName: chrome, browserVersion: 125.0.6422.142, chrome: {chromedriverVersion: 125.0.6422.141 (4b1e8393712..., userDataDir: C:\Users\malhari\AppData\Lo...}, fedcm:accounts: true, goog:chromeOptions: {debuggerAddress: localhost:50151}, networkConnectionEnabled: false, pageLoadStrategy: normal, platformName: windows, proxy: Proxy(), se:cdp: ws://localhost:50151/devtoo..., se:cdpVersion: 125.0.6422.142, setWindowRect: true, strictFileInteractability: false, timeouts: {implicit: 0, pageLoad: 300000, script: 30000}, unhandledPromptBehavior: dismiss and notify, webauthn:extension:credBlob: true, webauthn:extension:largeBlob: true, webauthn:extension:minPinLength: true, webauthn:extension:prf: true, webauthn:virtualAuthenticators: true}
Element: [[ChromeDriver: chrome on windows (d1a929cd4f7df4cf51de8e1af9e555c5)] -> xpath: //button[@type='submit']]
Session ID: d1a929cd4f7df4cf51de8e1af9e555c5
at org.openqa.selenium.remote.ErrorCodec.decode(ErrorCodec.java:167)
at org.openqa.selenium.remote.codec.w3c.W3CHttpResponseCodec.decode(W3CHttpResponseCodec.java:138)
at org.openqa.selenium.remote.codec.w3c.W3CHttpResponseCodec.decode(W3CHttpResponseCodec.java:50)
at org.openqa.selenium.remote.HttpCommandExecutor.execute(HttpCommandExecutor.java:190)
at org.openqa.selenium.remote.service.DriverCommandExecutor.invokeExecute(DriverCommandExecutor.java:216)
at org.openqa.selenium.remote.service.DriverCommandExecutor.execute(DriverCommandExecutor.java:174)
at org.openqa.selenium.remote.RemoteWebDriver.execute(RemoteWebDriver.java:518)
at org.openqa.selenium.remote.RemoteWebElement.execute(RemoteWebElement.java:223)
at org.openqa.selenium.remote.RemoteWebElement.click(RemoteWebElement.java:76)
at SwagLabs.Amazontest.amazontest(Amazontest.java:33)
at java.base/java.util.ArrayList.forEach(ArrayList.java:1597)
... Removed 28 stack frames]]>
    </failure>
  </testcase> <!-- amazontest -->
  <testcase classname="SwagLabs.frames" name="frame" time="6.274"/>
</testsuite> <!-- Test -->
