<?xml version="1.0" encoding="UTF-8"?>
<testng-results ignored="0" total="6" passed="4" failed="2" skipped="0">
  <reporter-output>
  </reporter-output>
  <suite started-at="2024-05-28T18:40:50 IST" name="Suite" finished-at="2024-05-28T18:41:49 IST" duration-ms="58967">
    <groups>
    </groups>
    <test started-at="2024-05-28T18:40:50 IST" name="Test" finished-at="2024-05-28T18:41:49 IST" duration-ms="58967">
      <class name="SwagLabs.AddtoCart">
        <test-method signature="FleeceJacket()[pri:0, instance:SwagLabs.AddtoCart@6c6cb480]" started-at="2024-05-28T18:40:56 IST" name="FleeceJacket" finished-at="2024-05-28T18:41:04 IST" duration-ms="8680" status="PASS">
          <reporter-output>
          </reporter-output>
        </test-method> <!-- FleeceJacket -->
      </class> <!-- SwagLabs.AddtoCart -->
      <class name="SwagLabs.Amazontest">
        <test-method signature="amazontest()[pri:0, instance:SwagLabs.Amazontest@292b08d6]" started-at="2024-05-28T18:41:24 IST" name="amazontest" finished-at="2024-05-28T18:41:49 IST" duration-ms="25286" status="FAIL">
          <exception class="org.openqa.selenium.NoSuchElementException">
            <message>
              <![CDATA[no such element: Unable to locate element: {"method":"xpath","selector":"//a[@class='a-link-normal s-underline-text s-underline-link-text s-link-style a-text-normal' and @href='/sspa/click?ie=UTF8&spc=MTozNjA1MjYxMzk0MTY3MTQ4OjE3MTY5MDAyOTk6c3BfYXRmOjMwMDA1NDM0NTk0ODkzMjo6MDo6&url=%2FApple-iPhone-15-Pro-256%2Fdp%2FB0CHX5J2ND%2Fref%3Dsr_1_1_sspa%3Fdib%3DeyJ2IjoiMSJ9.OYvib3u__hXFvKmx0hKSh_ULCR4HTKOxGiaqvccZn0dST5LVVbP2IMAQw2HmjO8hYIwRSOoQ6sjXyMoy65z3vkOOT5njuMQJeWMqwJT3Lin4uq5liHvEiC_fD7NFttXkU4D3Ew91lWNXngSDxQVHS_zynwp8Q_iNr7yY9lh_bAKJerllr9mjxNlL06SwkdwHdqDr8xVdBn_k01iB96nfEX0mxuy4-W63NNCTYN1eFMw.g6DVtWgZxbd6N39VFHM-OPmEfzT3Ru3MocbSCw5VFuk%26dib_tag%3Dse%26keywords%3Diphone%2B15%2Bpro%2Bmax%26qid%3D1716900299%26sr%3D8-1-spons%26sp_csd%3Dd2lkZ2V0TmFtZT1zcF9hdGY%26psc%3D1']"}
  (Session info: chrome=125.0.6422.77)
For documentation on this error, please visit: https://www.selenium.dev/documentation/webdriver/troubleshooting/errors#no-such-element-exception
Build info: version: '4.21.0', revision: '79ed462ef4'
System info: os.name: 'Windows 10', os.arch: 'amd64', os.version: '10.0', java.version: '22'
Driver info: org.openqa.selenium.chrome.ChromeDriver
Command: [695a18afeb2e9a5c4ee97f4f8303384b, findElement {value=//a[@class='a-link-normal s-underline-text s-underline-link-text s-link-style a-text-normal' and @href='/sspa/click?ie=UTF8&spc=MTozNjA1MjYxMzk0MTY3MTQ4OjE3MTY5MDAyOTk6c3BfYXRmOjMwMDA1NDM0NTk0ODkzMjo6MDo6&url=%2FApple-iPhone-15-Pro-256%2Fdp%2FB0CHX5J2ND%2Fref%3Dsr_1_1_sspa%3Fdib%3DeyJ2IjoiMSJ9.OYvib3u__hXFvKmx0hKSh_ULCR4HTKOxGiaqvccZn0dST5LVVbP2IMAQw2HmjO8hYIwRSOoQ6sjXyMoy65z3vkOOT5njuMQJeWMqwJT3Lin4uq5liHvEiC_fD7NFttXkU4D3Ew91lWNXngSDxQVHS_zynwp8Q_iNr7yY9lh_bAKJerllr9mjxNlL06SwkdwHdqDr8xVdBn_k01iB96nfEX0mxuy4-W63NNCTYN1eFMw.g6DVtWgZxbd6N39VFHM-OPmEfzT3Ru3MocbSCw5VFuk%26dib_tag%3Dse%26keywords%3Diphone%2B15%2Bpro%2Bmax%26qid%3D1716900299%26sr%3D8-1-spons%26sp_csd%3Dd2lkZ2V0TmFtZT1zcF9hdGY%26psc%3D1'], using=xpath}]
Capabilities {acceptInsecureCerts: false, browserName: chrome, browserVersion: 125.0.6422.77, chrome: {chromedriverVersion: 125.0.6422.78 (14db42ec38ad..., userDataDir: C:\Users\malhari\AppData\Lo...}, fedcm:accounts: true, goog:chromeOptions: {debuggerAddress: localhost:52430}, networkConnectionEnabled: false, pageLoadStrategy: normal, platformName: windows, proxy: Proxy(), se:cdp: ws://localhost:52430/devtoo..., se:cdpVersion: 125.0.6422.77, setWindowRect: true, strictFileInteractability: false, timeouts: {implicit: 0, pageLoad: 300000, script: 30000}, unhandledPromptBehavior: dismiss and notify, webauthn:extension:credBlob: true, webauthn:extension:largeBlob: true, webauthn:extension:minPinLength: true, webauthn:extension:prf: true, webauthn:virtualAuthenticators: true}
Session ID: 695a18afeb2e9a5c4ee97f4f8303384b]]>
            </message>
            <full-stacktrace>
              <![CDATA[org.openqa.selenium.NoSuchElementException: no such element: Unable to locate element: {"method":"xpath","selector":"//a[@class='a-link-normal s-underline-text s-underline-link-text s-link-style a-text-normal' and @href='/sspa/click?ie=UTF8&spc=MTozNjA1MjYxMzk0MTY3MTQ4OjE3MTY5MDAyOTk6c3BfYXRmOjMwMDA1NDM0NTk0ODkzMjo6MDo6&url=%2FApple-iPhone-15-Pro-256%2Fdp%2FB0CHX5J2ND%2Fref%3Dsr_1_1_sspa%3Fdib%3DeyJ2IjoiMSJ9.OYvib3u__hXFvKmx0hKSh_ULCR4HTKOxGiaqvccZn0dST5LVVbP2IMAQw2HmjO8hYIwRSOoQ6sjXyMoy65z3vkOOT5njuMQJeWMqwJT3Lin4uq5liHvEiC_fD7NFttXkU4D3Ew91lWNXngSDxQVHS_zynwp8Q_iNr7yY9lh_bAKJerllr9mjxNlL06SwkdwHdqDr8xVdBn_k01iB96nfEX0mxuy4-W63NNCTYN1eFMw.g6DVtWgZxbd6N39VFHM-OPmEfzT3Ru3MocbSCw5VFuk%26dib_tag%3Dse%26keywords%3Diphone%2B15%2Bpro%2Bmax%26qid%3D1716900299%26sr%3D8-1-spons%26sp_csd%3Dd2lkZ2V0TmFtZT1zcF9hdGY%26psc%3D1']"}
  (Session info: chrome=125.0.6422.77)
For documentation on this error, please visit: https://www.selenium.dev/documentation/webdriver/troubleshooting/errors#no-such-element-exception
Build info: version: '4.21.0', revision: '79ed462ef4'
System info: os.name: 'Windows 10', os.arch: 'amd64', os.version: '10.0', java.version: '22'
Driver info: org.openqa.selenium.chrome.ChromeDriver
Command: [695a18afeb2e9a5c4ee97f4f8303384b, findElement {value=//a[@class='a-link-normal s-underline-text s-underline-link-text s-link-style a-text-normal' and @href='/sspa/click?ie=UTF8&spc=MTozNjA1MjYxMzk0MTY3MTQ4OjE3MTY5MDAyOTk6c3BfYXRmOjMwMDA1NDM0NTk0ODkzMjo6MDo6&url=%2FApple-iPhone-15-Pro-256%2Fdp%2FB0CHX5J2ND%2Fref%3Dsr_1_1_sspa%3Fdib%3DeyJ2IjoiMSJ9.OYvib3u__hXFvKmx0hKSh_ULCR4HTKOxGiaqvccZn0dST5LVVbP2IMAQw2HmjO8hYIwRSOoQ6sjXyMoy65z3vkOOT5njuMQJeWMqwJT3Lin4uq5liHvEiC_fD7NFttXkU4D3Ew91lWNXngSDxQVHS_zynwp8Q_iNr7yY9lh_bAKJerllr9mjxNlL06SwkdwHdqDr8xVdBn_k01iB96nfEX0mxuy4-W63NNCTYN1eFMw.g6DVtWgZxbd6N39VFHM-OPmEfzT3Ru3MocbSCw5VFuk%26dib_tag%3Dse%26keywords%3Diphone%2B15%2Bpro%2Bmax%26qid%3D1716900299%26sr%3D8-1-spons%26sp_csd%3Dd2lkZ2V0TmFtZT1zcF9hdGY%26psc%3D1'], using=xpath}]
Capabilities {acceptInsecureCerts: false, browserName: chrome, browserVersion: 125.0.6422.77, chrome: {chromedriverVersion: 125.0.6422.78 (14db42ec38ad..., userDataDir: C:\Users\malhari\AppData\Lo...}, fedcm:accounts: true, goog:chromeOptions: {debuggerAddress: localhost:52430}, networkConnectionEnabled: false, pageLoadStrategy: normal, platformName: windows, proxy: Proxy(), se:cdp: ws://localhost:52430/devtoo..., se:cdpVersion: 125.0.6422.77, setWindowRect: true, strictFileInteractability: false, timeouts: {implicit: 0, pageLoad: 300000, script: 30000}, unhandledPromptBehavior: dismiss and notify, webauthn:extension:credBlob: true, webauthn:extension:largeBlob: true, webauthn:extension:minPinLength: true, webauthn:extension:prf: true, webauthn:virtualAuthenticators: true}
Session ID: 695a18afeb2e9a5c4ee97f4f8303384b
at java.base/jdk.internal.reflect.DirectConstructorHandleAccessor.newInstance(DirectConstructorHandleAccessor.java:62)
at java.base/java.lang.reflect.Constructor.newInstanceWithCaller(Constructor.java:502)
at java.base/java.lang.reflect.Constructor.newInstance(Constructor.java:486)
at org.openqa.selenium.remote.ErrorCodec.decode(ErrorCodec.java:167)
at org.openqa.selenium.remote.codec.w3c.W3CHttpResponseCodec.decode(W3CHttpResponseCodec.java:138)
at org.openqa.selenium.remote.codec.w3c.W3CHttpResponseCodec.decode(W3CHttpResponseCodec.java:50)
at org.openqa.selenium.remote.HttpCommandExecutor.execute(HttpCommandExecutor.java:190)
at org.openqa.selenium.remote.service.DriverCommandExecutor.invokeExecute(DriverCommandExecutor.java:216)
at org.openqa.selenium.remote.service.DriverCommandExecutor.execute(DriverCommandExecutor.java:174)
at org.openqa.selenium.remote.RemoteWebDriver.execute(RemoteWebDriver.java:518)
at org.openqa.selenium.remote.ElementLocation$ElementFinder$2.findElement(ElementLocation.java:165)
at org.openqa.selenium.remote.ElementLocation.findElement(ElementLocation.java:59)
at org.openqa.selenium.remote.RemoteWebDriver.findElement(RemoteWebDriver.java:355)
at org.openqa.selenium.remote.RemoteWebDriver.findElement(RemoteWebDriver.java:349)
at SwagLabs.Amazontest.amazontest(Amazontest.java:35)
at java.base/jdk.internal.reflect.DirectMethodHandleAccessor.invoke(DirectMethodHandleAccessor.java:103)
at java.base/java.lang.reflect.Method.invoke(Method.java:580)
at org.testng.internal.invokers.MethodInvocationHelper.invokeMethod(MethodInvocationHelper.java:141)
at org.testng.internal.invokers.TestInvoker.invokeMethod(TestInvoker.java:686)
at org.testng.internal.invokers.TestInvoker.invokeTestMethod(TestInvoker.java:230)
at org.testng.internal.invokers.MethodRunner.runInSequence(MethodRunner.java:63)
at org.testng.internal.invokers.TestInvoker$MethodInvocationAgent.invoke(TestInvoker.java:992)
at org.testng.internal.invokers.TestInvoker.invokeTestMethods(TestInvoker.java:203)
at org.testng.internal.invokers.TestMethodWorker.invokeTestMethods(TestMethodWorker.java:154)
at org.testng.internal.invokers.TestMethodWorker.run(TestMethodWorker.java:134)
at java.base/java.util.ArrayList.forEach(ArrayList.java:1597)
at org.testng.TestRunner.privateRun(TestRunner.java:739)
at org.testng.TestRunner.run(TestRunner.java:614)
at org.testng.SuiteRunner.runTest(SuiteRunner.java:421)
at org.testng.SuiteRunner.runSequentially(SuiteRunner.java:413)
at org.testng.SuiteRunner.privateRun(SuiteRunner.java:373)
at org.testng.SuiteRunner.run(SuiteRunner.java:312)
at org.testng.SuiteRunnerWorker.runSuite(SuiteRunnerWorker.java:52)
at org.testng.SuiteRunnerWorker.run(SuiteRunnerWorker.java:95)
at org.testng.TestNG.runSuitesSequentially(TestNG.java:1274)
at org.testng.TestNG.runSuitesLocally(TestNG.java:1208)
at org.testng.TestNG.runSuites(TestNG.java:1112)
at org.testng.TestNG.run(TestNG.java:1079)
at org.testng.remote.AbstractRemoteTestNG.run(AbstractRemoteTestNG.java:115)
at org.testng.remote.RemoteTestNG.initAndRun(RemoteTestNG.java:293)
at org.testng.remote.RemoteTestNG.main(RemoteTestNG.java:91)
]]>
            </full-stacktrace>
          </exception> <!-- org.openqa.selenium.NoSuchElementException -->
          <reporter-output>
          </reporter-output>
        </test-method> <!-- amazontest -->
      </class> <!-- SwagLabs.Amazontest -->
      <class name="SwagLabs.Filtrationtest">
        <test-method signature="filtrationtest()[pri:0, instance:SwagLabs.Filtrationtest@3c46e67a]" started-at="2024-05-28T18:41:04 IST" name="filtrationtest" finished-at="2024-05-28T18:41:14 IST" duration-ms="9602" status="PASS">
          <reporter-output>
          </reporter-output>
        </test-method> <!-- filtrationtest -->
      </class> <!-- SwagLabs.Filtrationtest -->
      <class name="SwagLabs.Login">
        <test-method signature="login_test()[pri:0, instance:SwagLabs.Login@5bf0d49]" started-at="2024-05-28T18:40:50 IST" name="login_test" finished-at="2024-05-28T18:40:56 IST" duration-ms="5504" status="PASS">
          <reporter-output>
          </reporter-output>
        </test-method> <!-- login_test -->
      </class> <!-- SwagLabs.Login -->
      <class name="SwagLabs.Brokenlink">
        <test-method signature="link()[pri:0, instance:SwagLabs.Brokenlink@206a70ef]" started-at="2024-05-28T18:41:19 IST" name="link" finished-at="2024-05-28T18:41:24 IST" duration-ms="4755" status="FAIL">
          <exception class="org.openqa.selenium.NoSuchSessionException">
            <message>
              <![CDATA[invalid session id
Build info: version: '4.21.0', revision: '79ed462ef4'
System info: os.name: 'Windows 10', os.arch: 'amd64', os.version: '10.0', java.version: '22'
Driver info: org.openqa.selenium.chrome.ChromeDriver
Command: [a1b67379d7f0513eb5534a1a1c9c77af, getElementText {id=f.8829B4F3A1B0D7C60907EBBFB6EF3768.d.A3A50498F0F5FEAF8163E6138C964B9F.e.29}]
Capabilities {acceptInsecureCerts: false, browserName: chrome, browserVersion: 125.0.6422.77, chrome: {chromedriverVersion: 125.0.6422.78 (14db42ec38ad..., userDataDir: C:\Users\malhari\AppData\Lo...}, fedcm:accounts: true, goog:chromeOptions: {debuggerAddress: localhost:52391}, networkConnectionEnabled: false, pageLoadStrategy: normal, platformName: windows, proxy: Proxy(), se:cdp: ws://localhost:52391/devtoo..., se:cdpVersion: 125.0.6422.77, setWindowRect: true, strictFileInteractability: false, timeouts: {implicit: 0, pageLoad: 300000, script: 30000}, unhandledPromptBehavior: dismiss and notify, webauthn:extension:credBlob: true, webauthn:extension:largeBlob: true, webauthn:extension:minPinLength: true, webauthn:extension:prf: true, webauthn:virtualAuthenticators: true}
Element: [[ChromeDriver: chrome on windows (a1b67379d7f0513eb5534a1a1c9c77af)] -> tag name: a]
Session ID: a1b67379d7f0513eb5534a1a1c9c77af]]>
            </message>
            <full-stacktrace>
              <![CDATA[org.openqa.selenium.NoSuchSessionException: invalid session id
Build info: version: '4.21.0', revision: '79ed462ef4'
System info: os.name: 'Windows 10', os.arch: 'amd64', os.version: '10.0', java.version: '22'
Driver info: org.openqa.selenium.chrome.ChromeDriver
Command: [a1b67379d7f0513eb5534a1a1c9c77af, getElementText {id=f.8829B4F3A1B0D7C60907EBBFB6EF3768.d.A3A50498F0F5FEAF8163E6138C964B9F.e.29}]
Capabilities {acceptInsecureCerts: false, browserName: chrome, browserVersion: 125.0.6422.77, chrome: {chromedriverVersion: 125.0.6422.78 (14db42ec38ad..., userDataDir: C:\Users\malhari\AppData\Lo...}, fedcm:accounts: true, goog:chromeOptions: {debuggerAddress: localhost:52391}, networkConnectionEnabled: false, pageLoadStrategy: normal, platformName: windows, proxy: Proxy(), se:cdp: ws://localhost:52391/devtoo..., se:cdpVersion: 125.0.6422.77, setWindowRect: true, strictFileInteractability: false, timeouts: {implicit: 0, pageLoad: 300000, script: 30000}, unhandledPromptBehavior: dismiss and notify, webauthn:extension:credBlob: true, webauthn:extension:largeBlob: true, webauthn:extension:minPinLength: true, webauthn:extension:prf: true, webauthn:virtualAuthenticators: true}
Element: [[ChromeDriver: chrome on windows (a1b67379d7f0513eb5534a1a1c9c77af)] -> tag name: a]
Session ID: a1b67379d7f0513eb5534a1a1c9c77af
at java.base/jdk.internal.reflect.DirectConstructorHandleAccessor.newInstance(DirectConstructorHandleAccessor.java:62)
at java.base/java.lang.reflect.Constructor.newInstanceWithCaller(Constructor.java:502)
at java.base/java.lang.reflect.Constructor.newInstance(Constructor.java:486)
at org.openqa.selenium.remote.ErrorCodec.decode(ErrorCodec.java:167)
at org.openqa.selenium.remote.codec.w3c.W3CHttpResponseCodec.decode(W3CHttpResponseCodec.java:138)
at org.openqa.selenium.remote.codec.w3c.W3CHttpResponseCodec.decode(W3CHttpResponseCodec.java:50)
at org.openqa.selenium.remote.HttpCommandExecutor.execute(HttpCommandExecutor.java:190)
at org.openqa.selenium.remote.service.DriverCommandExecutor.invokeExecute(DriverCommandExecutor.java:216)
at org.openqa.selenium.remote.service.DriverCommandExecutor.execute(DriverCommandExecutor.java:174)
at org.openqa.selenium.remote.RemoteWebDriver.execute(RemoteWebDriver.java:518)
at org.openqa.selenium.remote.RemoteWebElement.execute(RemoteWebElement.java:223)
at org.openqa.selenium.remote.RemoteWebElement.getText(RemoteWebElement.java:191)
at SwagLabs.Brokenlink.link(Brokenlink.java:42)
at java.base/jdk.internal.reflect.DirectMethodHandleAccessor.invoke(DirectMethodHandleAccessor.java:103)
at java.base/java.lang.reflect.Method.invoke(Method.java:580)
at org.testng.internal.invokers.MethodInvocationHelper.invokeMethod(MethodInvocationHelper.java:141)
at org.testng.internal.invokers.TestInvoker.invokeMethod(TestInvoker.java:686)
at org.testng.internal.invokers.TestInvoker.invokeTestMethod(TestInvoker.java:230)
at org.testng.internal.invokers.MethodRunner.runInSequence(MethodRunner.java:63)
at org.testng.internal.invokers.TestInvoker$MethodInvocationAgent.invoke(TestInvoker.java:992)
at org.testng.internal.invokers.TestInvoker.invokeTestMethods(TestInvoker.java:203)
at org.testng.internal.invokers.TestMethodWorker.invokeTestMethods(TestMethodWorker.java:154)
at org.testng.internal.invokers.TestMethodWorker.run(TestMethodWorker.java:134)
at java.base/java.util.ArrayList.forEach(ArrayList.java:1597)
at org.testng.TestRunner.privateRun(TestRunner.java:739)
at org.testng.TestRunner.run(TestRunner.java:614)
at org.testng.SuiteRunner.runTest(SuiteRunner.java:421)
at org.testng.SuiteRunner.runSequentially(SuiteRunner.java:413)
at org.testng.SuiteRunner.privateRun(SuiteRunner.java:373)
at org.testng.SuiteRunner.run(SuiteRunner.java:312)
at org.testng.SuiteRunnerWorker.runSuite(SuiteRunnerWorker.java:52)
at org.testng.SuiteRunnerWorker.run(SuiteRunnerWorker.java:95)
at org.testng.TestNG.runSuitesSequentially(TestNG.java:1274)
at org.testng.TestNG.runSuitesLocally(TestNG.java:1208)
at org.testng.TestNG.runSuites(TestNG.java:1112)
at org.testng.TestNG.run(TestNG.java:1079)
at org.testng.remote.AbstractRemoteTestNG.run(AbstractRemoteTestNG.java:115)
at org.testng.remote.RemoteTestNG.initAndRun(RemoteTestNG.java:293)
at org.testng.remote.RemoteTestNG.main(RemoteTestNG.java:91)
]]>
            </full-stacktrace>
          </exception> <!-- org.openqa.selenium.NoSuchSessionException -->
          <reporter-output>
          </reporter-output>
        </test-method> <!-- link -->
      </class> <!-- SwagLabs.Brokenlink -->
      <class name="SwagLabs.BrokenLinks">
        <test-method signature="blinks()[pri:0, instance:SwagLabs.BrokenLinks@c730b35]" started-at="2024-05-28T18:41:14 IST" name="blinks" finished-at="2024-05-28T18:41:19 IST" duration-ms="5042" status="PASS">
          <reporter-output>
          </reporter-output>
        </test-method> <!-- blinks -->
      </class> <!-- SwagLabs.BrokenLinks -->
    </test> <!-- Test -->
  </suite> <!-- Suite -->
</testng-results>
